Reading netlist file: "C:\wks\ework\FPGA\TangNano\console\TangConsoleDCJ11MEM\TangConsoleDCJ11MEM_project\impl\gwsynthesis\TangConsoleDCJ11MEM.vg"
Parsing netlist file "C:\wks\ework\FPGA\TangNano\console\TangConsoleDCJ11MEM\TangConsoleDCJ11MEM_project\impl\gwsynthesis\TangConsoleDCJ11MEM.vg" completed
Processing netlist completed
Reading constraint file: "C:\wks\ework\FPGA\TangNano\console\TangConsoleDCJ11MEM\TangConsoleDCJ11MEM_project\src\tc138k.cst"
Physical Constraint parsed completed
Running placement......
[10%] Placement Phase 0 completed
[20%] Placement Phase 1 completed
[30%] Placement Phase 2 completed
[50%] Placement Phase 3 completed
Running routing......
[60%] Routing Phase 0 completed
[70%] Routing Phase 1 completed
[80%] Routing Phase 2 completed
WARN  (PR1014) : Generic routing resource will be used to clock signal 'sys_clk50_d' by the specified constraint. And then it may lead to the excessive delay or skew
WARN  (PR1014) : Generic routing resource will be used to clock signal 'CLK2_d' by the specified constraint. And then it may lead to the excessive delay or skew
WARN  (PR1014) : Generic routing resource will be used to clock signal 'ALE_n_d' by the specified constraint. And then it may lead to the excessive delay or skew
[90%] Routing Phase 3 completed
Running timing analysis......
[95%] Timing analysis completed
Placement and routing completed
Bitstream generation in progress......
Bitstream generation completed
Running power analysis......
[100%] Power analysis completed
Generate file "C:\wks\ework\FPGA\TangNano\console\TangConsoleDCJ11MEM\TangConsoleDCJ11MEM_project\impl\pnr\TangConsoleDCJ11MEM.power.html" completed
Generate file "C:\wks\ework\FPGA\TangNano\console\TangConsoleDCJ11MEM\TangConsoleDCJ11MEM_project\impl\pnr\TangConsoleDCJ11MEM.pin.html" completed
Generate file "C:\wks\ework\FPGA\TangNano\console\TangConsoleDCJ11MEM\TangConsoleDCJ11MEM_project\impl\pnr\TangConsoleDCJ11MEM.rpt.html" completed
Generate file "C:\wks\ework\FPGA\TangNano\console\TangConsoleDCJ11MEM\TangConsoleDCJ11MEM_project\impl\pnr\TangConsoleDCJ11MEM.rpt.txt" completed
Generate file "C:\wks\ework\FPGA\TangNano\console\TangConsoleDCJ11MEM\TangConsoleDCJ11MEM_project\impl\pnr\TangConsoleDCJ11MEM.tr.html" completed
Mon Sep 22 15:02:58 2025

